<?xml version="1.0" encoding="UTF-8"?>
<!-- Generated by org.testng.reporters.JUnitReportReporter -->
<testsuite hostname="DESKTOP-JAN6B1E" failures="0" tests="1" name="bridgelabz.Search" time="3.049" errors="0" timestamp="2022-10-04T08:31:18 IST" skipped="0">
  <testcase classname="bridgelabz.Search" name="search" time="3.049"/>
  <system-out/>
</testsuite> <!-- bridgelabz.Search -->
