<?xml version="1.0" encoding="UTF-8"?>
<!-- Generated by org.testng.reporters.JUnitReportReporter -->
<testsuite hostname="DESKTOP-JAN6B1E" failures="0" tests="3" name="bridgelabz.Playlists" time="3.253" errors="0" timestamp="2022-10-04T08:28:58 IST" skipped="0">
  <testcase classname="bridgelabz.Playlists" name="delete" time="2.374"/>
  <system-out/>
  <testcase classname="bridgelabz.Playlists" name="put" time="0.321"/>
  <system-out/>
  <testcase classname="bridgelabz.Playlists" name="post" time="0.558"/>
  <system-out/>
</testsuite> <!-- bridgelabz.Playlists -->
