<?xml version="1.0" encoding="UTF-8"?>
<!-- Generated by org.testng.reporters.JUnitReportReporter -->
<testsuite hostname="DESKTOP-JAN6B1E" failures="0" tests="5" name="bridgelabz.User" time="4.377" errors="0" timestamp="2022-10-04T08:46:28 IST" skipped="0">
  <testcase classname="bridgelabz.User" name="post_Create_Playlist" time="0.421"/>
  <system-out/>
  <testcase classname="bridgelabz.User" name="get_userid" time="0.905"/>
  <system-out/>
  <testcase classname="bridgelabz.User" name="delete_Remove_Playlist_items" time="2.207"/>
  <system-out/>
  <testcase classname="bridgelabz.User" name="put_Change_Playlist_details" time="0.293"/>
  <system-out/>
  <testcase classname="bridgelabz.User" name="search_the_items" time="0.551"/>
  <system-out/>
</testsuite> <!-- bridgelabz.User -->
